<?xml version="1.0" encoding="UTF-8"?>
<testng-results ignored="0" total="1" passed="1" failed="0" skipped="0">
  <reporter-output>
    <line>
      <![CDATA[===Database connection successfull===]]>
    </line>
    <line>
      <![CDATA[===Database Closed===]]>
    </line>
  </reporter-output>
  <suite started-at="2022-09-30T09:20:52 IST" name="Default suite" finished-at="2022-09-30T09:20:56 IST" duration-ms="4088">
    <groups>
    </groups>
    <test started-at="2022-09-30T09:20:52 IST" name="Default test" finished-at="2022-09-30T09:20:56 IST" duration-ms="4088">
      <class name="End2EndScenario.CreateProjectAndVerifyInDatabase">
        <test-method is-config="true" signature="beforeSuiteConfig()[pri:0, instance:End2EndScenario.CreateProjectAndVerifyInDatabase@7133da86]" started-at="2022-09-30T09:20:50 IST" name="beforeSuiteConfig" finished-at="2022-09-30T09:20:52 IST" duration-ms="1610" status="PASS">
          <reporter-output>
            <line>
              <![CDATA[===Database connection successfull===]]>
            </line>
          </reporter-output>
        </test-method> <!-- beforeSuiteConfig -->
        <test-method signature="createProject()[pri:0, instance:End2EndScenario.CreateProjectAndVerifyInDatabase@7133da86]" started-at="2022-09-30T09:20:52 IST" name="createProject" finished-at="2022-09-30T09:20:56 IST" duration-ms="3997" status="PASS">
          <reporter-output>
          </reporter-output>
        </test-method> <!-- createProject -->
        <test-method is-config="true" signature="afterSuiteConfig()[pri:0, instance:End2EndScenario.CreateProjectAndVerifyInDatabase@7133da86]" started-at="2022-09-30T09:20:56 IST" name="afterSuiteConfig" finished-at="2022-09-30T09:20:56 IST" duration-ms="77" status="PASS">
          <reporter-output>
            <line>
              <![CDATA[===Database Closed===]]>
            </line>
          </reporter-output>
        </test-method> <!-- afterSuiteConfig -->
      </class> <!-- End2EndScenario.CreateProjectAndVerifyInDatabase -->
    </test> <!-- Default test -->
  </suite> <!-- Default suite -->
</testng-results>
