<?xml version="1.0" encoding="UTF-8"?>
<testng-results ignored="0" total="1" passed="1" failed="0" skipped="0">
  <reporter-output>
    <line>
      <![CDATA[===Database connection successfull===]]>
    </line>
    <line>
      <![CDATA[===Database Closed===]]>
    </line>
  </reporter-output>
  <suite started-at="2022-12-13T17:50:39 IST" name="Default suite" finished-at="2022-12-13T17:50:44 IST" duration-ms="4529">
    <groups>
    </groups>
    <test started-at="2022-12-13T17:50:39 IST" name="Default test" finished-at="2022-12-13T17:50:44 IST" duration-ms="4529">
      <class name="End2EndScenario.CreateProjectAndVerifyInDatabase">
        <test-method is-config="true" signature="beforeSuiteConfig()[pri:0, instance:End2EndScenario.CreateProjectAndVerifyInDatabase@71def8f8]" started-at="2022-12-13T17:50:37 IST" name="beforeSuiteConfig" finished-at="2022-12-13T17:50:39 IST" duration-ms="2507" status="PASS">
          <reporter-output>
            <line>
              <![CDATA[===Database connection successfull===]]>
            </line>
          </reporter-output>
        </test-method> <!-- beforeSuiteConfig -->
        <test-method signature="createProject()[pri:0, instance:End2EndScenario.CreateProjectAndVerifyInDatabase@71def8f8]" started-at="2022-12-13T17:50:39 IST" name="createProject" finished-at="2022-12-13T17:50:44 IST" duration-ms="4430" status="PASS">
          <reporter-output>
          </reporter-output>
        </test-method> <!-- createProject -->
        <test-method is-config="true" signature="afterSuiteConfig()[pri:0, instance:End2EndScenario.CreateProjectAndVerifyInDatabase@71def8f8]" started-at="2022-12-13T17:50:44 IST" name="afterSuiteConfig" finished-at="2022-12-13T17:50:44 IST" duration-ms="10" status="PASS">
          <reporter-output>
            <line>
              <![CDATA[===Database Closed===]]>
            </line>
          </reporter-output>
        </test-method> <!-- afterSuiteConfig -->
      </class> <!-- End2EndScenario.CreateProjectAndVerifyInDatabase -->
    </test> <!-- Default test -->
  </suite> <!-- Default suite -->
</testng-results>
